#
# There is insufficient memory for the Java Runtime Environment to continue.
# Native memory allocation (malloc) failed to allocate 1048576 bytes. Error detail: AllocateHeap
# Possible reasons:
#   The system is out of physical RAM or swap space
#   This process is running with CompressedOops enabled, and the Java Heap may be blocking the growth of the native heap
# Possible solutions:
#   Reduce memory load on the system
#   Increase physical memory or swap space
#   Check if swap backing store is full
#   Decrease Java heap size (-Xmx/-Xms)
#   Decrease number of Java threads
#   Decrease Java thread stack sizes (-Xss)
#   Set larger code cache with -XX:ReservedCodeCacheSize=
#   JVM is running with Unscaled Compressed Oops mode in which the Java heap is
#     placed in the first 4GB address space. The Java Heap base address is the
#     maximum limit for the native heap growth. Please use -XX:HeapBaseMinAddress
#     to set the Java Heap base and to place the Java Heap above 4GB virtual address.
# This output file may be truncated or incomplete.
#
#  Out of Memory Error (allocation.cpp:44), pid=15852, tid=17364
#
# JRE version: OpenJDK Runtime Environment Temurin-21.0.8+9 (21.0.8+9) (build 21.0.8+9-LTS)
# Java VM: OpenJDK 64-Bit Server VM Temurin-21.0.8+9 (21.0.8+9-LTS, mixed mode, sharing, tiered, compressed oops, compressed class ptrs, parallel gc, windows-amd64)
# No core dump will be written. Minidumps are not enabled by default on client versions of Windows
#

---------------  S U M M A R Y ------------

Command Line: --add-modules=ALL-SYSTEM --add-opens=java.base/java.util=ALL-UNNAMED --add-opens=java.base/java.lang=ALL-UNNAMED --add-opens=java.base/sun.nio.fs=ALL-UNNAMED -Declipse.application=org.eclipse.jdt.ls.core.id1 -Dosgi.bundles.defaultStartLevel=4 -Declipse.product=org.eclipse.jdt.ls.core.product -Djava.import.generatesMetadataFilesAtProjectRoot=false -DDetectVMInstallationsJob.disabled=true -Dfile.encoding=utf8 -XX:+UseParallelGC -XX:GCTimeRatio=4 -XX:AdaptiveSizePolicyWeight=90 -Dsun.zip.disableMemoryMapping=true -Xmx2G -Xms100m -Xlog:disable -javaagent:c:\Users\pawel\.vscode\extensions\redhat.java-1.47.0-win32-x64\lombok\lombok-1.18.39-4050.jar -XX:+HeapDumpOnOutOfMemoryError -XX:HeapDumpPath=c:\Users\pawel\AppData\Roaming\Code\User\workspaceStorage\7e9431720c549d4ffb242c3018f645a6\redhat.java -Daether.dependencyCollector.impl=bf c:\Users\pawel\.vscode\extensions\redhat.java-1.47.0-win32-x64\server\plugins\org.eclipse.equinox.launcher_1.7.100.v20251014-1222.jar -configuration c:\Users\pawel\AppData\Roaming\Code\User\globalStorage\redhat.java\1.47.0\config_win -data c:\Users\pawel\AppData\Roaming\Code\User\workspaceStorage\7e9431720c549d4ffb242c3018f645a6\redhat.java\jdt_ws --pipe=\\.\pipe\lsp-31417e3c4a0584c17ef3455d3c6c56a0-sock

Host: Intel(R) Core(TM) i5-7500T CPU @ 2.70GHz, 4 cores, 15G,  Windows 10 , 64 bit Build 19041 (10.0.19041.5915)
Time: Fri Nov  7 16:43:02 2025 Central European Standard Time elapsed time: 235932.198417 seconds (2d 17h 32m 12s)

---------------  T H R E A D  ---------------

Current thread (0x00000124f56f1cd0):  JavaThread "Attach Listener" daemon [_thread_in_vm, id=17364, stack(0x00000018d3300000,0x00000018d3400000) (1024K)]

Stack: [0x00000018d3300000,0x00000018d3400000]
Native frames: (J=compiled Java code, j=interpreted, Vv=VM code, C=native code)
V  [jvm.dll+0x6d2449]
V  [jvm.dll+0x8ae341]
V  [jvm.dll+0x8b08be]
V  [jvm.dll+0x8b0fa3]
V  [jvm.dll+0x280c96]
V  [jvm.dll+0xc0347]
V  [jvm.dll+0x6d2cf9]
V  [jvm.dll+0x131116]
V  [jvm.dll+0x3f2d16]
V  [jvm.dll+0x857e6b]
V  [jvm.dll+0x6d0b0d]
C  [ucrtbase.dll+0x21bb2]
C  [KERNEL32.DLL+0x17374]
C  [ntdll.dll+0x4cc91]


---------------  P R O C E S S  ---------------

Threads class SMR info:
_java_thread_list=0x00000124fe33e7c0, length=31, elements={
0x00000124ded137c0, 0x00000124f56ed270, 0x00000124f56ee420, 0x00000124f56f1080,
0x00000124f56f1cd0, 0x00000124f56f4830, 0x00000124f56f5280, 0x00000124f56f6000,
0x00000124f5768cc0, 0x00000124ded7c910, 0x00000124f65e20c0, 0x00000124f6ead8a0,
0x00000124f6d7f010, 0x00000124f6b973f0, 0x00000124fb2747d0, 0x00000124fb274140,
0x00000124fb273ab0, 0x00000124fb20cc00, 0x00000124fb210da0, 0x00000124fb20ab30,
0x00000124fb20e640, 0x00000124fb211430, 0x00000124fb20ecd0, 0x00000124fb20d920,
0x00000124fb210080, 0x00000124fb20c570, 0x00000124fb20dfb0, 0x00000124fb210710,
0x00000124fb20bee0, 0x00000124fcb81050, 0x00000124fcb84b60
}

Java Threads: ( => current thread )
  0x00000124ded137c0 JavaThread "main"                              [_thread_blocked, id=16164, stack(0x00000018d2b00000,0x00000018d2c00000) (1024K)]
  0x00000124f56ed270 JavaThread "Reference Handler"          daemon [_thread_blocked, id=24540, stack(0x00000018d3000000,0x00000018d3100000) (1024K)]
  0x00000124f56ee420 JavaThread "Finalizer"                  daemon [_thread_blocked, id=12348, stack(0x00000018d3100000,0x00000018d3200000) (1024K)]
  0x00000124f56f1080 JavaThread "Signal Dispatcher"          daemon [_thread_blocked, id=23676, stack(0x00000018d3200000,0x00000018d3300000) (1024K)]
=>0x00000124f56f1cd0 JavaThread "Attach Listener"            daemon [_thread_in_vm, id=17364, stack(0x00000018d3300000,0x00000018d3400000) (1024K)]
  0x00000124f56f4830 JavaThread "Service Thread"             daemon [_thread_blocked, id=19012, stack(0x00000018d3400000,0x00000018d3500000) (1024K)]
  0x00000124f56f5280 JavaThread "Monitor Deflation Thread"   daemon [_thread_blocked, id=17356, stack(0x00000018d3500000,0x00000018d3600000) (1024K)]
  0x00000124f56f6000 JavaThread "C2 CompilerThread0"         daemon [_thread_blocked, id=6392, stack(0x00000018d3600000,0x00000018d3700000) (1024K)]
  0x00000124f5768cc0 JavaThread "C1 CompilerThread0"         daemon [_thread_blocked, id=22140, stack(0x00000018d3700000,0x00000018d3800000) (1024K)]
  0x00000124ded7c910 JavaThread "Common-Cleaner"             daemon [_thread_blocked, id=10388, stack(0x00000018d3800000,0x00000018d3900000) (1024K)]
  0x00000124f65e20c0 JavaThread "Notification Thread"        daemon [_thread_blocked, id=10984, stack(0x00000018d3900000,0x00000018d3a00000) (1024K)]
  0x00000124f6ead8a0 JavaThread "Active Thread: Equinox Container: 01a2fbc5-a457-4870-ab17-89f31ab4b3fa"        [_thread_blocked, id=14820, stack(0x00000018d4100000,0x00000018d4200000) (1024K)]
  0x00000124f6d7f010 JavaThread "Framework Event Dispatcher: Equinox Container: 01a2fbc5-a457-4870-ab17-89f31ab4b3fa" daemon [_thread_blocked, id=17004, stack(0x00000018d4200000,0x00000018d4300000) (1024K)]
  0x00000124f6b973f0 JavaThread "Start Level: Equinox Container: 01a2fbc5-a457-4870-ab17-89f31ab4b3fa" daemon [_thread_blocked, id=7544, stack(0x00000018d4300000,0x00000018d4400000) (1024K)]
  0x00000124fb2747d0 JavaThread "Refresh Thread: Equinox Container: 01a2fbc5-a457-4870-ab17-89f31ab4b3fa" daemon [_thread_blocked, id=18888, stack(0x00000018d4500000,0x00000018d4600000) (1024K)]
  0x00000124fb274140 JavaThread "Bundle File Closer"         daemon [_thread_blocked, id=5732, stack(0x00000018d4400000,0x00000018d4500000) (1024K)]
  0x00000124fb273ab0 JavaThread "SCR Component Actor"        daemon [_thread_blocked, id=15424, stack(0x00000018d3a00000,0x00000018d3b00000) (1024K)]
  0x00000124fb20cc00 JavaThread "Worker-JM"                         [_thread_blocked, id=11568, stack(0x00000018d3f00000,0x00000018d4000000) (1024K)]
  0x00000124fb210da0 JavaThread "JNA Cleaner"                daemon [_thread_blocked, id=688, stack(0x00000018d4000000,0x00000018d4100000) (1024K)]
  0x00000124fb20ab30 JavaThread "Java indexing"              daemon [_thread_blocked, id=21632, stack(0x00000018d4900000,0x00000018d4a00000) (1024K)]
  0x00000124fb20e640 JavaThread "Worker-3"                          [_thread_blocked, id=22580, stack(0x00000018d4a00000,0x00000018d4b00000) (1024K)]
  0x00000124fb211430 JavaThread "Thread-1"                   daemon [_thread_in_native, id=18016, stack(0x00000018d4f00000,0x00000018d5000000) (1024K)]
  0x00000124fb20ecd0 JavaThread "Thread-2"                   daemon [_thread_in_native, id=17524, stack(0x00000018d5000000,0x00000018d5100000) (1024K)]
  0x00000124fb20d920 JavaThread "Thread-3"                   daemon [_thread_in_native, id=10820, stack(0x00000018d5100000,0x00000018d5200000) (1024K)]
  0x00000124fb210080 JavaThread "Thread-4"                   daemon [_thread_in_native, id=3188, stack(0x00000018d5200000,0x00000018d5300000) (1024K)]
  0x00000124fb20c570 JavaThread "Thread-5"                   daemon [_thread_in_native, id=9352, stack(0x00000018d5300000,0x00000018d5400000) (1024K)]
  0x00000124fb20dfb0 JavaThread "pool-2-thread-1"                   [_thread_blocked, id=22064, stack(0x00000018d5400000,0x00000018d5500000) (1024K)]
  0x00000124fb210710 JavaThread "WorkspaceEventsHandler"            [_thread_blocked, id=23240, stack(0x00000018d5500000,0x00000018d5600000) (1024K)]
  0x00000124fb20bee0 JavaThread "pool-1-thread-1"                   [_thread_blocked, id=17648, stack(0x00000018d5600000,0x00000018d5700000) (1024K)]
  0x00000124fcb81050 JavaThread "pool-3-thread-1"                   [_thread_blocked, id=12120, stack(0x00000018d5800000,0x00000018d5900000) (1024K)]
  0x00000124fcb84b60 JavaThread "Worker-8"                          [_thread_blocked, id=6104, stack(0x00000018d2a00000,0x00000018d2b00000) (1024K)]
Total: 31

Other Threads:
  0x00000124dedcff30 VMThread "VM Thread"                           [id=25396, stack(0x00000018d2f00000,0x00000018d3000000) (1024K)]
  0x00000124ded7b4e0 WatcherThread "VM Periodic Task Thread"        [id=7432, stack(0x00000018d2e00000,0x00000018d2f00000) (1024K)]
  0x00000124ded30620 WorkerThread "GC Thread#0"                     [id=3640, stack(0x00000018d2d00000,0x00000018d2e00000) (1024K)]
  0x00000124f6860680 WorkerThread "GC Thread#1"                     [id=19048, stack(0x00000018d3b00000,0x00000018d3c00000) (1024K)]
  0x00000124f6d7f880 WorkerThread "GC Thread#2"                     [id=22192, stack(0x00000018d3c00000,0x00000018d3d00000) (1024K)]
  0x00000124f6d7fc20 WorkerThread "GC Thread#3"                     [id=15256, stack(0x00000018d3d00000,0x00000018d3e00000) (1024K)]
Total: 6

Threads with active compile tasks:
Total: 0

VM state: not at safepoint (normal execution)

VM Mutex/Monitor currently owned by a thread: None

Heap address: 0x0000000080000000, size: 2048 MB, Compressed Oops mode: 32-bit

CDS archive(s) mapped at: [0x0000012480000000-0x0000012480ba0000-0x0000012480ba0000), size 12189696, SharedBaseAddress: 0x0000012480000000, ArchiveRelocationMode: 1.
Compressed class space mapped at: 0x0000012481000000-0x00000124c1000000, reserved size: 1073741824
Narrow klass base: 0x0000012480000000, Narrow klass shift: 0, Narrow klass range: 0x100000000

GC Precious Log:
 CardTable entry size: 512
 CPUs: 4 total, 4 available
 Memory: 16272M
 Large Page Support: Disabled
 NUMA Support: Disabled
 Compressed Oops: Enabled (32-bit)
 Alignments: Space 512K, Generation 512K, Heap 2M
 Heap Min Capacity: 100M
 Heap Initial Capacity: 100M
 Heap Max Capacity: 2G
 Pre-touch: Disabled
 Parallel Workers: 4

Heap:
 PSYoungGen      total 3072K, used 1198K [0x00000000d5580000, 0x00000000d5a00000, 0x0000000100000000)
  eden space 2560K, 41% used [0x00000000d5580000,0x00000000d568bb30,0x00000000d5800000)
  from space 512K, 25% used [0x00000000d5980000,0x00000000d59a0000,0x00000000d5a00000)
  to   space 512K, 0% used [0x00000000d5900000,0x00000000d5900000,0x00000000d5980000)
 ParOldGen       total 776192K, used 776059K [0x0000000080000000, 0x00000000af600000, 0x00000000d5580000)
  object space 776192K, 99% used [0x0000000080000000,0x00000000af5dedb8,0x00000000af600000)
 Metaspace       used 63438K, committed 64832K, reserved 1114112K
  class space    used 6838K, committed 7424K, reserved 1048576K

Card table byte_map: [0x00000124de6d0000,0x00000124deae0000] _byte_map_base: 0x00000124de2d0000

Marking Bits: (ParMarkBitMap*) 0x00007ffd9da5a340
 Begin Bits: [0x00000124f11c0000, 0x00000124f31c0000)
 End Bits:   [0x00000124f31c0000, 0x00000124f51c0000)

Polling page: 0x00000124dcb10000

Metaspace:

Usage:
  Non-class:     55.27 MB used.
      Class:      6.68 MB used.
       Both:     61.95 MB used.

Virtual space:
  Non-class space:       64.00 MB reserved,      56.06 MB ( 88%) committed,  1 nodes.
      Class space:        1.00 GB reserved,       7.25 MB ( <1%) committed,  1 nodes.
             Both:        1.06 GB reserved,      63.31 MB (  6%) committed. 

Chunk freelists:
   Non-Class:  7.58 MB
       Class:  8.57 MB
        Both:  16.14 MB

MaxMetaspaceSize: unlimited
CompressedClassSpaceSize: 1.00 GB
Initial GC threshold: 21.00 MB
Current GC threshold: 97.31 MB
CDS: on
 - commit_granule_bytes: 65536.
 - commit_granule_words: 8192.
 - virtual_space_node_default_size: 8388608.
 - enlarge_chunks_in_place: 1.
 - use_allocation_guard: 0.


Internal statistics:

num_allocs_failed_limit: 11.
num_arena_births: 1050.
num_arena_deaths: 26.
num_vsnodes_births: 2.
num_vsnodes_deaths: 0.
num_space_committed: 1013.
num_space_uncommitted: 0.
num_chunks_returned_to_freelist: 43.
num_chunks_taken_from_freelist: 3741.
num_chunk_merges: 14.
num_chunk_splits: 2331.
num_chunks_enlarged: 1359.
num_inconsistent_stats: 0.

CodeHeap 'non-profiled nmethods': size=120000Kb used=9825Kb max_used=9825Kb free=110174Kb
 bounds [0x00000124e99e0000, 0x00000124ea380000, 0x00000124f0f10000]
CodeHeap 'profiled nmethods': size=120000Kb used=23129Kb max_used=23129Kb free=96870Kb
 bounds [0x00000124e1f10000, 0x00000124e35b0000, 0x00000124e9440000]
CodeHeap 'non-nmethods': size=5760Kb used=1458Kb max_used=1553Kb free=4301Kb
 bounds [0x00000124e9440000, 0x00000124e96b0000, 0x00000124e99e0000]
CodeCache: size=245760Kb, used=34412Kb, max_used=34507Kb, free=211345Kb
 total_blobs=11268, nmethods=10495, adapters=679, full_count=0
Compilation: enabled, stopped_count=0, restarted_count=0

Compilation events (20 events):
Event: 223528.548 Thread 0x00000124f5768cc0 11362       3       org.eclipse.core.internal.resources.MarkerAttributeMap::getMap (11 bytes)
Event: 223528.573 Thread 0x00000124f5768cc0 nmethod 11362 0x00000124e359d410 code [0x00000124e359d5c0, 0x00000124e359d800]
Event: 224428.558 Thread 0x00000124f5768cc0 11363       3       org.eclipse.core.internal.jobs.JobManager::doRunNow (47 bytes)
Event: 224428.583 Thread 0x00000124f5768cc0 nmethod 11363 0x00000124e359d910 code [0x00000124e359db20, 0x00000124e359e108]
Event: 224428.584 Thread 0x00000124f5768cc0 11364   !   3       org.eclipse.core.internal.jobs.ThreadJob::run (21 bytes)
Event: 224428.584 Thread 0x00000124f5768cc0 nmethod 11364 0x00000124e359e390 code [0x00000124e359e540, 0x00000124e359e750]
Event: 225328.796 Thread 0x00000124f5768cc0 11365       3       org.eclipse.core.internal.jobs.ImplicitJobs::endThreadJob (91 bytes)
Event: 225328.992 Thread 0x00000124f5768cc0 nmethod 11365 0x00000124e359e810 code [0x00000124e359ea40, 0x00000124e359f2b0]
Event: 226228.843 Thread 0x00000124f5768cc0 11367       3       org.eclipse.core.internal.jobs.JobListeners::queueRunning (17 bytes)
Event: 226229.084 Thread 0x00000124f5768cc0 nmethod 11367 0x00000124e359f690 code [0x00000124e359f860, 0x00000124e359fb58]
Event: 228029.109 Thread 0x00000124f5768cc0 11370   !   3       java.util.Collections$SynchronizedMap::size (24 bytes)
Event: 228029.125 Thread 0x00000124f5768cc0 nmethod 11370 0x00000124e359fc90 code [0x00000124e359fe40, 0x00000124e35a0108]
Event: 228029.126 Thread 0x00000124f5768cc0 11372       3       org.eclipse.core.internal.resources.MarkerAttributeMap::shareStrings (92 bytes)
Event: 228029.164 Thread 0x00000124f5768cc0 nmethod 11372 0x00000124e35a0290 code [0x00000124e35a0520, 0x00000124e35a13d0]
Event: 228929.195 Thread 0x00000124f5768cc0 11373   !   3       java.util.Collections$SynchronizedMap::entrySet (50 bytes)
Event: 228929.236 Thread 0x00000124f5768cc0 nmethod 11373 0x00000124e35a1710 code [0x00000124e35a1940, 0x00000124e35a2228]
Event: 229829.256 Thread 0x00000124f5768cc0 11374   !   3       org.eclipse.core.internal.utils.StringPoolJob::run (259 bytes)
Event: 229829.534 Thread 0x00000124f5768cc0 nmethod 11374 0x00000124e35a2690 code [0x00000124e35a2a40, 0x00000124e35a4358]
Event: 229829.534 Thread 0x00000124f5768cc0 11376       3       org.eclipse.core.internal.utils.StringPoolJob::shareStrings (69 bytes)
Event: 229829.703 Thread 0x00000124f5768cc0 nmethod 11376 0x00000124e35a4d10 code [0x00000124e35a4fe0, 0x00000124e35a5fc8]

GC Heap History (20 events):
Event: 137.147 GC heap before
{Heap before GC invocations=1344 (full 3):
 PSYoungGen      total 3072K, used 2759K [0x00000000d5580000, 0x00000000d5a00000, 0x0000000100000000)
  eden space 2560K, 99% used [0x00000000d5580000,0x00000000d57f9c38,0x00000000d5800000)
  from space 512K, 43% used [0x00000000d5980000,0x00000000d59b8010,0x00000000d5a00000)
  to   space 512K, 0% used [0x00000000d5900000,0x00000000d5900000,0x00000000d5980000)
 ParOldGen       total 775168K, used 775082K [0x0000000080000000, 0x00000000af500000, 0x00000000d5580000)
  object space 775168K, 99% used [0x0000000080000000,0x00000000af4ea8a8,0x00000000af500000)
 Metaspace       used 61504K, committed 62848K, reserved 1114112K
  class space    used 6619K, committed 7168K, reserved 1048576K
}
Event: 137.149 GC heap after
{Heap after GC invocations=1344 (full 3):
 PSYoungGen      total 3072K, used 128K [0x00000000d5580000, 0x00000000d5a00000, 0x0000000100000000)
  eden space 2560K, 0% used [0x00000000d5580000,0x00000000d5580000,0x00000000d5800000)
  from space 512K, 25% used [0x00000000d5900000,0x00000000d5920000,0x00000000d5980000)
  to   space 512K, 0% used [0x00000000d5980000,0x00000000d5980000,0x00000000d5a00000)
 ParOldGen       total 775168K, used 775122K [0x0000000080000000, 0x00000000af500000, 0x00000000d5580000)
  object space 775168K, 99% used [0x0000000080000000,0x00000000af4f48a8,0x00000000af500000)
 Metaspace       used 61504K, committed 62848K, reserved 1114112K
  class space    used 6619K, committed 7168K, reserved 1048576K
}
Event: 137.257 GC heap before
{Heap before GC invocations=1345 (full 3):
 PSYoungGen      total 3072K, used 2688K [0x00000000d5580000, 0x00000000d5a00000, 0x0000000100000000)
  eden space 2560K, 100% used [0x00000000d5580000,0x00000000d5800000,0x00000000d5800000)
  from space 512K, 25% used [0x00000000d5900000,0x00000000d5920000,0x00000000d5980000)
  to   space 512K, 0% used [0x00000000d5980000,0x00000000d5980000,0x00000000d5a00000)
 ParOldGen       total 775168K, used 775122K [0x0000000080000000, 0x00000000af500000, 0x00000000d5580000)
  object space 775168K, 99% used [0x0000000080000000,0x00000000af4f48a8,0x00000000af500000)
 Metaspace       used 61645K, committed 62976K, reserved 1114112K
  class space    used 6635K, committed 7168K, reserved 1048576K
}
Event: 137.258 GC heap after
{Heap after GC invocations=1345 (full 3):
 PSYoungGen      total 3072K, used 160K [0x00000000d5580000, 0x00000000d5a00000, 0x0000000100000000)
  eden space 2560K, 0% used [0x00000000d5580000,0x00000000d5580000,0x00000000d5800000)
  from space 512K, 31% used [0x00000000d5980000,0x00000000d59a8000,0x00000000d5a00000)
  to   space 512K, 0% used [0x00000000d5900000,0x00000000d5900000,0x00000000d5980000)
 ParOldGen       total 775168K, used 775162K [0x0000000080000000, 0x00000000af500000, 0x00000000d5580000)
  object space 775168K, 99% used [0x0000000080000000,0x00000000af4fe8a8,0x00000000af500000)
 Metaspace       used 61645K, committed 62976K, reserved 1114112K
  class space    used 6635K, committed 7168K, reserved 1048576K
}
Event: 137.327 GC heap before
{Heap before GC invocations=1346 (full 3):
 PSYoungGen      total 3072K, used 2720K [0x00000000d5580000, 0x00000000d5a00000, 0x0000000100000000)
  eden space 2560K, 100% used [0x00000000d5580000,0x00000000d5800000,0x00000000d5800000)
  from space 512K, 31% used [0x00000000d5980000,0x00000000d59a8000,0x00000000d5a00000)
  to   space 512K, 0% used [0x00000000d5900000,0x00000000d5900000,0x00000000d5980000)
 ParOldGen       total 775168K, used 775162K [0x0000000080000000, 0x00000000af500000, 0x00000000d5580000)
  object space 775168K, 99% used [0x0000000080000000,0x00000000af4fe8a8,0x00000000af500000)
 Metaspace       used 61967K, committed 63360K, reserved 1114112K
  class space    used 6653K, committed 7232K, reserved 1048576K
}
Event: 137.330 GC heap after
{Heap after GC invocations=1346 (full 3):
 PSYoungGen      total 3072K, used 128K [0x00000000d5580000, 0x00000000d5a00000, 0x0000000100000000)
  eden space 2560K, 0% used [0x00000000d5580000,0x00000000d5580000,0x00000000d5800000)
  from space 512K, 25% used [0x00000000d5900000,0x00000000d5920000,0x00000000d5980000)
  to   space 512K, 0% used [0x00000000d5980000,0x00000000d5980000,0x00000000d5a00000)
 ParOldGen       total 775680K, used 775226K [0x0000000080000000, 0x00000000af580000, 0x00000000d5580000)
  object space 775680K, 99% used [0x0000000080000000,0x00000000af50e8a8,0x00000000af580000)
 Metaspace       used 61967K, committed 63360K, reserved 1114112K
  class space    used 6653K, committed 7232K, reserved 1048576K
}
Event: 137.412 GC heap before
{Heap before GC invocations=1347 (full 3):
 PSYoungGen      total 3072K, used 2688K [0x00000000d5580000, 0x00000000d5a00000, 0x0000000100000000)
  eden space 2560K, 100% used [0x00000000d5580000,0x00000000d5800000,0x00000000d5800000)
  from space 512K, 25% used [0x00000000d5900000,0x00000000d5920000,0x00000000d5980000)
  to   space 512K, 0% used [0x00000000d5980000,0x00000000d5980000,0x00000000d5a00000)
 ParOldGen       total 775680K, used 775226K [0x0000000080000000, 0x00000000af580000, 0x00000000d5580000)
  object space 775680K, 99% used [0x0000000080000000,0x00000000af50e8a8,0x00000000af580000)
 Metaspace       used 62271K, committed 63680K, reserved 1114112K
  class space    used 6699K, committed 7296K, reserved 1048576K
}
Event: 137.414 GC heap after
{Heap after GC invocations=1347 (full 3):
 PSYoungGen      total 3072K, used 288K [0x00000000d5580000, 0x00000000d5a00000, 0x0000000100000000)
  eden space 2560K, 0% used [0x00000000d5580000,0x00000000d5580000,0x00000000d5800000)
  from space 512K, 56% used [0x00000000d5980000,0x00000000d59c8000,0x00000000d5a00000)
  to   space 512K, 0% used [0x00000000d5900000,0x00000000d5900000,0x00000000d5980000)
 ParOldGen       total 775680K, used 775266K [0x0000000080000000, 0x00000000af580000, 0x00000000d5580000)
  object space 775680K, 99% used [0x0000000080000000,0x00000000af5188a8,0x00000000af580000)
 Metaspace       used 62271K, committed 63680K, reserved 1114112K
  class space    used 6699K, committed 7296K, reserved 1048576K
}
Event: 137.483 GC heap before
{Heap before GC invocations=1348 (full 3):
 PSYoungGen      total 3072K, used 2848K [0x00000000d5580000, 0x00000000d5a00000, 0x0000000100000000)
  eden space 2560K, 100% used [0x00000000d5580000,0x00000000d5800000,0x00000000d5800000)
  from space 512K, 56% used [0x00000000d5980000,0x00000000d59c8000,0x00000000d5a00000)
  to   space 512K, 0% used [0x00000000d5900000,0x00000000d5900000,0x00000000d5980000)
 ParOldGen       total 775680K, used 775266K [0x0000000080000000, 0x00000000af580000, 0x00000000d5580000)
  object space 775680K, 99% used [0x0000000080000000,0x00000000af5188a8,0x00000000af580000)
 Metaspace       used 62542K, committed 63872K, reserved 1114112K
  class space    used 6725K, committed 7296K, reserved 1048576K
}
Event: 137.487 GC heap after
{Heap after GC invocations=1348 (full 3):
 PSYoungGen      total 3072K, used 256K [0x00000000d5580000, 0x00000000d5a00000, 0x0000000100000000)
  eden space 2560K, 0% used [0x00000000d5580000,0x00000000d5580000,0x00000000d5800000)
  from space 512K, 50% used [0x00000000d5900000,0x00000000d5940000,0x00000000d5980000)
  to   space 512K, 0% used [0x00000000d5980000,0x00000000d5980000,0x00000000d5a00000)
 ParOldGen       total 775680K, used 775506K [0x0000000080000000, 0x00000000af580000, 0x00000000d5580000)
  object space 775680K, 99% used [0x0000000080000000,0x00000000af5548a8,0x00000000af580000)
 Metaspace       used 62542K, committed 63872K, reserved 1114112K
  class space    used 6725K, committed 7296K, reserved 1048576K
}
Event: 137.536 GC heap before
{Heap before GC invocations=1349 (full 3):
 PSYoungGen      total 3072K, used 2816K [0x00000000d5580000, 0x00000000d5a00000, 0x0000000100000000)
  eden space 2560K, 100% used [0x00000000d5580000,0x00000000d5800000,0x00000000d5800000)
  from space 512K, 50% used [0x00000000d5900000,0x00000000d5940000,0x00000000d5980000)
  to   space 512K, 0% used [0x00000000d5980000,0x00000000d5980000,0x00000000d5a00000)
 ParOldGen       total 775680K, used 775506K [0x0000000080000000, 0x00000000af580000, 0x00000000d5580000)
  object space 775680K, 99% used [0x0000000080000000,0x00000000af5548a8,0x00000000af580000)
 Metaspace       used 62862K, committed 64192K, reserved 1114112K
  class space    used 6750K, committed 7296K, reserved 1048576K
}
Event: 137.539 GC heap after
{Heap after GC invocations=1349 (full 3):
 PSYoungGen      total 3072K, used 256K [0x00000000d5580000, 0x00000000d5a00000, 0x0000000100000000)
  eden space 2560K, 0% used [0x00000000d5580000,0x00000000d5580000,0x00000000d5800000)
  from space 512K, 50% used [0x00000000d5980000,0x00000000d59c0000,0x00000000d5a00000)
  to   space 512K, 0% used [0x00000000d5900000,0x00000000d5900000,0x00000000d5980000)
 ParOldGen       total 776192K, used 775690K [0x0000000080000000, 0x00000000af600000, 0x00000000d5580000)
  object space 776192K, 99% used [0x0000000080000000,0x00000000af5828a8,0x00000000af600000)
 Metaspace       used 62862K, committed 64192K, reserved 1114112K
  class space    used 6750K, committed 7296K, reserved 1048576K
}
Event: 137.565 GC heap before
{Heap before GC invocations=1350 (full 3):
 PSYoungGen      total 3072K, used 2816K [0x00000000d5580000, 0x00000000d5a00000, 0x0000000100000000)
  eden space 2560K, 100% used [0x00000000d5580000,0x00000000d5800000,0x00000000d5800000)
  from space 512K, 50% used [0x00000000d5980000,0x00000000d59c0000,0x00000000d5a00000)
  to   space 512K, 0% used [0x00000000d5900000,0x00000000d5900000,0x00000000d5980000)
 ParOldGen       total 776192K, used 775690K [0x0000000080000000, 0x00000000af600000, 0x00000000d5580000)
  object space 776192K, 99% used [0x0000000080000000,0x00000000af5828a8,0x00000000af600000)
 Metaspace       used 62984K, committed 64320K, reserved 1114112K
  class space    used 6766K, committed 7296K, reserved 1048576K
}
Event: 137.567 GC heap after
{Heap after GC invocations=1350 (full 3):
 PSYoungGen      total 3072K, used 128K [0x00000000d5580000, 0x00000000d5a00000, 0x0000000100000000)
  eden space 2560K, 0% used [0x00000000d5580000,0x00000000d5580000,0x00000000d5800000)
  from space 512K, 25% used [0x00000000d5900000,0x00000000d5920000,0x00000000d5980000)
  to   space 512K, 0% used [0x00000000d5980000,0x00000000d5980000,0x00000000d5a00000)
 ParOldGen       total 776192K, used 775899K [0x0000000080000000, 0x00000000af600000, 0x00000000d5580000)
  object space 776192K, 99% used [0x0000000080000000,0x00000000af5b6db8,0x00000000af600000)
 Metaspace       used 62984K, committed 64320K, reserved 1114112K
  class space    used 6766K, committed 7296K, reserved 1048576K
}
Event: 405.040 GC heap before
{Heap before GC invocations=1351 (full 3):
 PSYoungGen      total 3072K, used 2688K [0x00000000d5580000, 0x00000000d5a00000, 0x0000000100000000)
  eden space 2560K, 100% used [0x00000000d5580000,0x00000000d5800000,0x00000000d5800000)
  from space 512K, 25% used [0x00000000d5900000,0x00000000d5920000,0x00000000d5980000)
  to   space 512K, 0% used [0x00000000d5980000,0x00000000d5980000,0x00000000d5a00000)
 ParOldGen       total 776192K, used 775899K [0x0000000080000000, 0x00000000af600000, 0x00000000d5580000)
  object space 776192K, 99% used [0x0000000080000000,0x00000000af5b6db8,0x00000000af600000)
 Metaspace       used 63222K, committed 64512K, reserved 1114112K
  class space    used 6819K, committed 7360K, reserved 1048576K
}
Event: 405.043 GC heap after
{Heap after GC invocations=1351 (full 3):
 PSYoungGen      total 3072K, used 128K [0x00000000d5580000, 0x00000000d5a00000, 0x0000000100000000)
  eden space 2560K, 0% used [0x00000000d5580000,0x00000000d5580000,0x00000000d5800000)
  from space 512K, 25% used [0x00000000d5980000,0x00000000d59a0000,0x00000000d5a00000)
  to   space 512K, 0% used [0x00000000d5900000,0x00000000d5900000,0x00000000d5980000)
 ParOldGen       total 776192K, used 775947K [0x0000000080000000, 0x00000000af600000, 0x00000000d5580000)
  object space 776192K, 99% used [0x0000000080000000,0x00000000af5c2db8,0x00000000af600000)
 Metaspace       used 63222K, committed 64512K, reserved 1114112K
  class space    used 6819K, committed 7360K, reserved 1048576K
}
Event: 56121.198 GC heap before
{Heap before GC invocations=1352 (full 3):
 PSYoungGen      total 3072K, used 2688K [0x00000000d5580000, 0x00000000d5a00000, 0x0000000100000000)
  eden space 2560K, 100% used [0x00000000d5580000,0x00000000d5800000,0x00000000d5800000)
  from space 512K, 25% used [0x00000000d5980000,0x00000000d59a0000,0x00000000d5a00000)
  to   space 512K, 0% used [0x00000000d5900000,0x00000000d5900000,0x00000000d5980000)
 ParOldGen       total 776192K, used 775947K [0x0000000080000000, 0x00000000af600000, 0x00000000d5580000)
  object space 776192K, 99% used [0x0000000080000000,0x00000000af5c2db8,0x00000000af600000)
 Metaspace       used 63399K, committed 64768K, reserved 1114112K
  class space    used 6837K, committed 7424K, reserved 1048576K
}
Event: 56121.582 GC heap after
{Heap after GC invocations=1352 (full 3):
 PSYoungGen      total 3072K, used 128K [0x00000000d5580000, 0x00000000d5a00000, 0x0000000100000000)
  eden space 2560K, 0% used [0x00000000d5580000,0x00000000d5580000,0x00000000d5800000)
  from space 512K, 25% used [0x00000000d5900000,0x00000000d5920000,0x00000000d5980000)
  to   space 512K, 0% used [0x00000000d5980000,0x00000000d5980000,0x00000000d5a00000)
 ParOldGen       total 776192K, used 776003K [0x0000000080000000, 0x00000000af600000, 0x00000000d5580000)
  object space 776192K, 99% used [0x0000000080000000,0x00000000af5d0db8,0x00000000af600000)
 Metaspace       used 63399K, committed 64768K, reserved 1114112K
  class space    used 6837K, committed 7424K, reserved 1048576K
}
Event: 179425.664 GC heap before
{Heap before GC invocations=1353 (full 3):
 PSYoungGen      total 3072K, used 2688K [0x00000000d5580000, 0x00000000d5a00000, 0x0000000100000000)
  eden space 2560K, 100% used [0x00000000d5580000,0x00000000d5800000,0x00000000d5800000)
  from space 512K, 25% used [0x00000000d5900000,0x00000000d5920000,0x00000000d5980000)
  to   space 512K, 0% used [0x00000000d5980000,0x00000000d5980000,0x00000000d5a00000)
 ParOldGen       total 776192K, used 776003K [0x0000000080000000, 0x00000000af600000, 0x00000000d5580000)
  object space 776192K, 99% used [0x0000000080000000,0x00000000af5d0db8,0x00000000af600000)
 Metaspace       used 63412K, committed 64832K, reserved 1114112K
  class space    used 6837K, committed 7424K, reserved 1048576K
}
Event: 179426.342 GC heap after
{Heap after GC invocations=1353 (full 3):
 PSYoungGen      total 3072K, used 128K [0x00000000d5580000, 0x00000000d5a00000, 0x0000000100000000)
  eden space 2560K, 0% used [0x00000000d5580000,0x00000000d5580000,0x00000000d5800000)
  from space 512K, 25% used [0x00000000d5980000,0x00000000d59a0000,0x00000000d5a00000)
  to   space 512K, 0% used [0x00000000d5900000,0x00000000d5900000,0x00000000d5980000)
 ParOldGen       total 776192K, used 776059K [0x0000000080000000, 0x00000000af600000, 0x00000000d5580000)
  object space 776192K, 99% used [0x0000000080000000,0x00000000af5dedb8,0x00000000af600000)
 Metaspace       used 63412K, committed 64832K, reserved 1114112K
  class space    used 6837K, committed 7424K, reserved 1048576K
}

Dll operation events (12 events):
Event: 0.007 Loaded shared library c:\Users\pawel\.vscode\extensions\redhat.java-1.47.0-win32-x64\jre\21.0.8-win32-x86_64\bin\java.dll
Event: 0.081 Loaded shared library c:\Users\pawel\.vscode\extensions\redhat.java-1.47.0-win32-x64\jre\21.0.8-win32-x86_64\bin\zip.dll
Event: 0.214 Loaded shared library C:\Users\pawel\.vscode\extensions\redhat.java-1.47.0-win32-x64\jre\21.0.8-win32-x86_64\bin\instrument.dll
Event: 0.285 Loaded shared library C:\Users\pawel\.vscode\extensions\redhat.java-1.47.0-win32-x64\jre\21.0.8-win32-x86_64\bin\net.dll
Event: 0.303 Loaded shared library C:\Users\pawel\.vscode\extensions\redhat.java-1.47.0-win32-x64\jre\21.0.8-win32-x86_64\bin\nio.dll
Event: 0.309 Loaded shared library C:\Users\pawel\.vscode\extensions\redhat.java-1.47.0-win32-x64\jre\21.0.8-win32-x86_64\bin\zip.dll
Event: 0.332 Loaded shared library C:\Users\pawel\.vscode\extensions\redhat.java-1.47.0-win32-x64\jre\21.0.8-win32-x86_64\bin\jimage.dll
Event: 0.523 Loaded shared library c:\Users\pawel\.vscode\extensions\redhat.java-1.47.0-win32-x64\jre\21.0.8-win32-x86_64\bin\verify.dll
Event: 7.281 Loaded shared library C:\Users\pawel\AppData\Roaming\Code\User\globalStorage\redhat.java\1.47.0\config_win\org.eclipse.equinox.launcher\org.eclipse.equinox.launcher.win32.win32.x86_64_1.2.1400.v20250801-0854\eclipse_11916.dll
Event: 19.795 Loaded shared library C:\Users\pawel\AppData\Local\Temp\jna-106441677\jna14770473895032406904.dll
Event: 24.202 Loaded shared library C:\Users\pawel\.vscode\extensions\redhat.java-1.47.0-win32-x64\jre\21.0.8-win32-x86_64\bin\sunmscapi.dll
Event: 24.399 Loaded shared library C:\Users\pawel\.vscode\extensions\redhat.java-1.47.0-win32-x64\jre\21.0.8-win32-x86_64\bin\extnet.dll

Deoptimization events (20 events):
Event: 39394.787 Thread 0x00000124f6ead8a0 DEOPT PACKING pc=0x00000124ea35d470 sp=0x00000018d41ff520
Event: 39394.787 Thread 0x00000124f6ead8a0 DEOPT UNPACKING pc=0x00000124e9493aa2 sp=0x00000018d41ff330 mode 2
Event: 123623.877 Thread 0x00000124fcb80330 DEOPT PACKING pc=0x00000124e2cb8acd sp=0x00000018d2cfed90
Event: 123623.881 Thread 0x00000124fcb80330 DEOPT UNPACKING pc=0x00000124e9494242 sp=0x00000018d2cfe1f0 mode 0
Event: 124523.899 Thread 0x00000124fcb80330 Uncommon trap: trap_request=0xffffffbe fr.pc=0x00000124ea368cd4 relative=0x00000000000002b4
Event: 124523.899 Thread 0x00000124fcb80330 Uncommon trap: reason=profile_predicate action=maybe_recompile pc=0x00000124ea368cd4 method=sun.security.provider.HashDrbg.addBytes([BI[[B)V @ 36 c2
Event: 124523.899 Thread 0x00000124fcb80330 DEOPT PACKING pc=0x00000124ea368cd4 sp=0x00000018d2cfeba0
Event: 124523.900 Thread 0x00000124fcb80330 DEOPT UNPACKING pc=0x00000124e9493aa2 sp=0x00000018d2cfeaf0 mode 2
Event: 124523.901 Thread 0x00000124fcb80330 Uncommon trap: trap_request=0xffffffbe fr.pc=0x00000124ea368cd4 relative=0x00000000000002b4
Event: 124523.901 Thread 0x00000124fcb80330 Uncommon trap: reason=profile_predicate action=maybe_recompile pc=0x00000124ea368cd4 method=sun.security.provider.HashDrbg.addBytes([BI[[B)V @ 36 c2
Event: 124523.902 Thread 0x00000124fcb80330 DEOPT PACKING pc=0x00000124ea368cd4 sp=0x00000018d2cfeda0
Event: 124523.902 Thread 0x00000124fcb80330 DEOPT UNPACKING pc=0x00000124e9493aa2 sp=0x00000018d2cfecf0 mode 2
Event: 125423.956 Thread 0x00000124fcb80330 Uncommon trap: trap_request=0xffffffbe fr.pc=0x00000124ea368cd4 relative=0x00000000000002b4
Event: 125423.956 Thread 0x00000124fcb80330 Uncommon trap: reason=profile_predicate action=maybe_recompile pc=0x00000124ea368cd4 method=sun.security.provider.HashDrbg.addBytes([BI[[B)V @ 36 c2
Event: 125423.956 Thread 0x00000124fcb80330 DEOPT PACKING pc=0x00000124ea368cd4 sp=0x00000018d2cfebf0
Event: 125423.956 Thread 0x00000124fcb80330 DEOPT UNPACKING pc=0x00000124e9493aa2 sp=0x00000018d2cfeb40 mode 2
Event: 125423.956 Thread 0x00000124fcb80330 Uncommon trap: trap_request=0xffffffbe fr.pc=0x00000124ea368cd4 relative=0x00000000000002b4
Event: 125423.956 Thread 0x00000124fcb80330 Uncommon trap: reason=profile_predicate action=maybe_recompile pc=0x00000124ea368cd4 method=sun.security.provider.HashDrbg.addBytes([BI[[B)V @ 36 c2
Event: 125423.956 Thread 0x00000124fcb80330 DEOPT PACKING pc=0x00000124ea368cd4 sp=0x00000018d2cfeda0
Event: 125423.957 Thread 0x00000124fcb80330 DEOPT UNPACKING pc=0x00000124e9493aa2 sp=0x00000018d2cfecf0 mode 2

Classes loaded (20 events):
Event: 137.613 Loading class java/util/stream/DistinctOps$1$2
Event: 137.614 Loading class java/util/stream/DistinctOps$1$2 done
Event: 405.046 Loading class java/util/stream/Nodes$CollectorTask$OfRef
Event: 405.047 Loading class java/util/stream/Nodes$CollectorTask
Event: 405.047 Loading class java/util/stream/Nodes$CollectorTask done
Event: 405.047 Loading class java/util/stream/Nodes$CollectorTask$OfRef done
Event: 405.047 Loading class java/util/function/LongFunction
Event: 405.047 Loading class java/util/function/LongFunction done
Event: 405.047 Loading class java/util/stream/Nodes$ConcNode
Event: 405.048 Loading class java/util/stream/Nodes$AbstractConcNode
Event: 405.048 Loading class java/util/stream/Nodes$AbstractConcNode done
Event: 405.048 Loading class java/util/stream/Nodes$ConcNode done
Event: 405.057 Loading class java/io/ObjectOutputStream$BlockDataOutputStream
Event: 405.057 Loading class java/io/ObjectOutputStream$BlockDataOutputStream done
Event: 405.057 Loading class java/io/ObjectOutputStream$HandleTable
Event: 405.057 Loading class java/io/ObjectOutputStream$HandleTable done
Event: 405.057 Loading class java/io/ObjectOutputStream$ReplaceTable
Event: 405.057 Loading class java/io/ObjectOutputStream$ReplaceTable done
Event: 190231.240 Loading class jdk/internal/access/JavaAWTAccess
Event: 190231.269 Loading class jdk/internal/access/JavaAWTAccess done

Classes unloaded (13 events):
Event: 20.643 Thread 0x00000124dedcff30 Unloading class 0x00000124811b4400 'java/lang/invoke/LambdaForm$MH+0x00000124811b4400'
Event: 20.643 Thread 0x00000124dedcff30 Unloading class 0x00000124811b4000 'java/lang/invoke/LambdaForm$MH+0x00000124811b4000'
Event: 20.643 Thread 0x00000124dedcff30 Unloading class 0x00000124811b3c00 'java/lang/invoke/LambdaForm$MH+0x00000124811b3c00'
Event: 20.643 Thread 0x00000124dedcff30 Unloading class 0x00000124811b3800 'java/lang/invoke/LambdaForm$MH+0x00000124811b3800'
Event: 20.643 Thread 0x00000124dedcff30 Unloading class 0x00000124811b3400 'java/lang/invoke/LambdaForm$BMH+0x00000124811b3400'
Event: 20.643 Thread 0x00000124dedcff30 Unloading class 0x00000124811b3000 'java/lang/invoke/LambdaForm$DMH+0x00000124811b3000'
Event: 20.643 Thread 0x00000124dedcff30 Unloading class 0x00000124811b2000 'java/lang/invoke/LambdaForm$DMH+0x00000124811b2000'
Event: 23.581 Thread 0x00000124dedcff30 Unloading class 0x000001248130f400 'java/lang/invoke/LambdaForm$MH+0x000001248130f400'
Event: 23.581 Thread 0x00000124dedcff30 Unloading class 0x000001248130ec00 'java/lang/invoke/LambdaForm$MH+0x000001248130ec00'
Event: 23.581 Thread 0x00000124dedcff30 Unloading class 0x000001248130e400 'java/lang/invoke/LambdaForm$MH+0x000001248130e400'
Event: 23.581 Thread 0x00000124dedcff30 Unloading class 0x000001248130dc00 'java/lang/invoke/LambdaForm$MH+0x000001248130dc00'
Event: 23.581 Thread 0x00000124dedcff30 Unloading class 0x000001248130d000 'java/lang/invoke/LambdaForm$MH+0x000001248130d000'
Event: 23.581 Thread 0x00000124dedcff30 Unloading class 0x000001248130c800 'java/lang/invoke/LambdaForm$MH+0x000001248130c800'

Classes redefined (0 events):
No events

Internal exceptions (20 events):
Event: 135.730 Thread 0x00000124fcb80330 Exception <a 'sun/nio/fs/WindowsException'{0x00000000d55931d0}> (0x00000000d55931d0) 
thrown [s\src\hotspot\share\prims\jni.cpp, line 520]
Event: 135.730 Thread 0x00000124fcb80330 Exception <a 'sun/nio/fs/WindowsException'{0x00000000d559b7f8}> (0x00000000d559b7f8) 
thrown [s\src\hotspot\share\prims\jni.cpp, line 520]
Event: 135.771 Thread 0x00000124fcb83e40 Exception <a 'sun/nio/fs/WindowsException'{0x00000000d562a2e8}> (0x00000000d562a2e8) 
thrown [s\src\hotspot\share\prims\jni.cpp, line 520]
Event: 135.771 Thread 0x00000124fcb83e40 Exception <a 'sun/nio/fs/WindowsException'{0x00000000d56496d8}> (0x00000000d56496d8) 
thrown [s\src\hotspot\share\prims\jni.cpp, line 520]
Event: 135.771 Thread 0x00000124fcb83e40 Exception <a 'sun/nio/fs/WindowsException'{0x00000000d565c088}> (0x00000000d565c088) 
thrown [s\src\hotspot\share\prims\jni.cpp, line 520]
Event: 135.771 Thread 0x00000124fcb83e40 Exception <a 'sun/nio/fs/WindowsException'{0x00000000d5673978}> (0x00000000d5673978) 
thrown [s\src\hotspot\share\prims\jni.cpp, line 520]
Event: 135.777 Thread 0x00000124fcb80330 Implicit null exception at 0x00000124e9bc8c09 to 0x00000124e9bc8d1c
Event: 135.777 Thread 0x00000124fcb80330 Exception <a 'java/lang/NoSuchMethodError'{0x00000000d55ae2a0}: 'long java.lang.invoke.DirectMethodHandle$Holder.invokeSpecial(java.lang.Object, java.lang.Object, long, java.lang.Object, java.lang.Object, java.lang.Object, int, int)'> (0x00000000d55ae2a0) 
thrown [s\src\hotspot\share\interpreter\linkResolver.cpp, line 773]
Event: 135.874 Thread 0x00000124fcb83e40 Exception <a 'sun/nio/fs/WindowsException'{0x00000000d56e0e40}> (0x00000000d56e0e40) 
thrown [s\src\hotspot\share\prims\jni.cpp, line 520]
Event: 135.874 Thread 0x00000124fcb83e40 Exception <a 'sun/nio/fs/WindowsException'{0x00000000d56e1980}> (0x00000000d56e1980) 
thrown [s\src\hotspot\share\prims\jni.cpp, line 520]
Event: 135.875 Thread 0x00000124fcb83e40 Exception <a 'sun/nio/fs/WindowsException'{0x00000000d56e2900}> (0x00000000d56e2900) 
thrown [s\src\hotspot\share\prims\jni.cpp, line 520]
Event: 135.875 Thread 0x00000124fcb83e40 Exception <a 'sun/nio/fs/WindowsException'{0x00000000d56e31b8}> (0x00000000d56e31b8) 
thrown [s\src\hotspot\share\prims\jni.cpp, line 520]
Event: 135.893 Thread 0x00000124fcb83e40 Exception <a 'java/lang/NoSuchMethodError'{0x00000000d56a2d28}: 'java.lang.Object java.lang.invoke.DirectMethodHandle$Holder.invokeStaticInit(java.lang.Object, java.lang.Object, java.lang.Object)'> (0x00000000d56a2d28) 
thrown [s\src\hotspot\share\interpreter\linkResolver.cpp, line 773]
Event: 136.010 Thread 0x00000124fcb83e40 Exception <a 'sun/nio/fs/WindowsException'{0x00000000d56689d8}> (0x00000000d56689d8) 
thrown [s\src\hotspot\share\prims\jni.cpp, line 520]
Event: 136.010 Thread 0x00000124fcb83e40 Exception <a 'sun/nio/fs/WindowsException'{0x00000000d566a740}> (0x00000000d566a740) 
thrown [s\src\hotspot\share\prims\jni.cpp, line 520]
Event: 137.416 Thread 0x00000124fcb84b60 Exception <a 'java/lang/NoSuchMethodError'{0x00000000d55916c0}: 'int java.lang.invoke.DirectMethodHandle$Holder.invokeSpecialIFC(java.lang.Object, java.lang.Object, java.lang.Object)'> (0x00000000d55916c0) 
thrown [s\src\hotspot\share\interpreter\linkResolver.cpp, line 773]
Event: 137.534 Thread 0x00000124fcb84b60 Implicit null exception at 0x00000124e9c21dc8 to 0x00000124e9c22c18
Event: 405.051 Thread 0x00000124fcb80330 Exception <a 'sun/nio/fs/WindowsException'{0x00000000d55ceff0}> (0x00000000d55ceff0) 
thrown [s\src\hotspot\share\prims\jni.cpp, line 520]
Event: 405.051 Thread 0x00000124fcb80330 Exception <a 'sun/nio/fs/WindowsException'{0x00000000d55cfb18}> (0x00000000d55cfb18) 
thrown [s\src\hotspot\share\prims\jni.cpp, line 520]
Event: 405.063 Thread 0x00000124fcb80330 Exception <a 'java/lang/NoSuchMethodError'{0x00000000d5642a70}: 'java.lang.Object java.lang.invoke.DirectMethodHandle$Holder.newInvokeSpecial(java.lang.Object, java.lang.Object, java.lang.Object, java.lang.Object, java.lang.Object, java.lang.Object, java.lang.Object, java.lang.Object)'> (0x00000000d5642a70) 
thrown [s\src\hotspot\share\interpreter\linkResolver.cpp, line 773]

ZGC Phase Switch (0 events):
No events

VM Operations (20 events):
Event: 229830.184 Executing VM operation: RendezvousGCThreads
Event: 229830.184 Executing VM operation: RendezvousGCThreads done
Event: 230729.636 Executing VM operation: Cleanup
Event: 230729.641 Executing VM operation: Cleanup done
Event: 230731.975 Executing VM operation: HandshakeAllThreads (HandshakeForDeflation)
Event: 230731.975 Executing VM operation: HandshakeAllThreads (HandshakeForDeflation) done
Event: 230731.975 Executing VM operation: RendezvousGCThreads
Event: 230731.975 Executing VM operation: RendezvousGCThreads done
Event: 231633.778 Executing VM operation: HandshakeAllThreads (HandshakeForDeflation)
Event: 231633.778 Executing VM operation: HandshakeAllThreads (HandshakeForDeflation) done
Event: 231633.778 Executing VM operation: RendezvousGCThreads
Event: 231633.778 Executing VM operation: RendezvousGCThreads done
Event: 233437.704 Executing VM operation: HandshakeAllThreads (HandshakeForDeflation)
Event: 233437.705 Executing VM operation: HandshakeAllThreads (HandshakeForDeflation) done
Event: 233437.705 Executing VM operation: RendezvousGCThreads
Event: 233437.705 Executing VM operation: RendezvousGCThreads done
Event: 235241.752 Executing VM operation: HandshakeAllThreads (HandshakeForDeflation)
Event: 235241.753 Executing VM operation: HandshakeAllThreads (HandshakeForDeflation) done
Event: 235241.753 Executing VM operation: RendezvousGCThreads
Event: 235241.753 Executing VM operation: RendezvousGCThreads done

Memory protections (0 events):
No events

Nmethod flushes (20 events):
Event: 116.428 Thread 0x00000124dedcff30 flushing  nmethod 0x00000124e28ec090
Event: 116.428 Thread 0x00000124dedcff30 flushing  nmethod 0x00000124e291fa10
Event: 116.428 Thread 0x00000124dedcff30 flushing  nmethod 0x00000124e2936790
Event: 116.428 Thread 0x00000124dedcff30 flushing  nmethod 0x00000124e2937990
Event: 116.428 Thread 0x00000124dedcff30 flushing  nmethod 0x00000124e2937e90
Event: 116.428 Thread 0x00000124dedcff30 flushing  nmethod 0x00000124e2950e10
Event: 116.428 Thread 0x00000124dedcff30 flushing  nmethod 0x00000124e2970210
Event: 116.428 Thread 0x00000124dedcff30 flushing  nmethod 0x00000124e2970690
Event: 116.428 Thread 0x00000124dedcff30 flushing  nmethod 0x00000124e297a010
Event: 116.428 Thread 0x00000124dedcff30 flushing  nmethod 0x00000124e2984a10
Event: 116.428 Thread 0x00000124dedcff30 flushing  nmethod 0x00000124e298a990
Event: 116.428 Thread 0x00000124dedcff30 flushing  nmethod 0x00000124e29a7e90
Event: 116.428 Thread 0x00000124dedcff30 flushing  nmethod 0x00000124e29a8490
Event: 116.428 Thread 0x00000124dedcff30 flushing  nmethod 0x00000124e29ac590
Event: 116.428 Thread 0x00000124dedcff30 flushing  nmethod 0x00000124e29ac910
Event: 116.428 Thread 0x00000124dedcff30 flushing  nmethod 0x00000124e29afe90
Event: 116.428 Thread 0x00000124dedcff30 flushing  nmethod 0x00000124e29e9a90
Event: 116.428 Thread 0x00000124dedcff30 flushing  nmethod 0x00000124e29ff010
Event: 116.428 Thread 0x00000124dedcff30 flushing  nmethod 0x00000124e2a12890
Event: 116.428 Thread 0x00000124dedcff30 flushing  nmethod 0x00000124e2a15890

Events (20 events):
Event: 122.845 Thread 0x00000124fbd7b130 Thread exited: 0x00000124fbd7b130
Event: 125.291 Thread 0x00000124f56f6000 Thread added: 0x00000124ff83cc40
Event: 125.511 Thread 0x00000124ff83cc40 Thread exited: 0x00000124ff83cc40
Event: 134.883 Thread 0x00000124f5768cc0 Thread added: 0x00000124f66c6fb0
Event: 135.662 Thread 0x00000124fb20e640 Thread added: 0x00000124fcb81d70
Event: 136.884 Thread 0x00000124f66c6fb0 Thread exited: 0x00000124f66c6fb0
Event: 137.471 Thread 0x00000124f5768cc0 Thread added: 0x00000124fe28f760
Event: 142.610 Thread 0x00000124fe28f760 Thread exited: 0x00000124fe28f760
Event: 195.855 Thread 0x00000124fb20b1c0 Thread exited: 0x00000124fb20b1c0
Event: 196.100 Thread 0x00000124fb20b850 Thread exited: 0x00000124fb20b850
Event: 197.639 Thread 0x00000124fcb84b60 Thread exited: 0x00000124fcb84b60
Event: 256.114 Thread 0x00000124fcb7ef80 Thread exited: 0x00000124fcb7ef80
Event: 257.639 Thread 0x00000124fcb83e40 Thread exited: 0x00000124fcb83e40
Event: 317.640 Thread 0x00000124fcb81d70 Thread exited: 0x00000124fcb81d70
Event: 405.045 Thread 0x00000124fcb80330 Thread added: 0x00000124fcb837b0
Event: 405.049 Thread 0x00000124fcb837b0 Thread exited: 0x00000124fcb837b0
Event: 405.053 Thread 0x00000124fcb80330 Thread added: 0x00000124fcb83120
Event: 405.054 Thread 0x00000124fcb83120 Thread exited: 0x00000124fcb83120
Event: 199227.046 Thread 0x00000124fb20e640 Thread added: 0x00000124fcb84b60
Event: 199287.065 Thread 0x00000124fcb80330 Thread exited: 0x00000124fcb80330


Dynamic libraries:
0x00007ff73f3c0000 - 0x00007ff73f3ce000 	c:\Users\pawel\.vscode\extensions\redhat.java-1.47.0-win32-x64\jre\21.0.8-win32-x86_64\bin\java.exe
0x00007ffe50090000 - 0x00007ffe50288000 	C:\Windows\SYSTEM32\ntdll.dll
0x00007ffe4f840000 - 0x00007ffe4f902000 	C:\Windows\System32\KERNEL32.DLL
0x00007ffe4d940000 - 0x00007ffe4dc36000 	C:\Windows\System32\KERNELBASE.dll
0x00007ffe4dfb0000 - 0x00007ffe4e0b0000 	C:\Windows\System32\ucrtbase.dll
0x00007ffe0fcb0000 - 0x00007ffe0fcc8000 	c:\Users\pawel\.vscode\extensions\redhat.java-1.47.0-win32-x64\jre\21.0.8-win32-x86_64\bin\jli.dll
0x00007ffe4ec40000 - 0x00007ffe4ede1000 	C:\Windows\System32\USER32.dll
0x00007ffe4dc70000 - 0x00007ffe4dc92000 	C:\Windows\System32\win32u.dll
0x00007ffe4e110000 - 0x00007ffe4e13b000 	C:\Windows\System32\GDI32.dll
0x00007ffe4d820000 - 0x00007ffe4d939000 	C:\Windows\System32\gdi32full.dll
0x00007ffe4de80000 - 0x00007ffe4df1d000 	C:\Windows\System32\msvcp_win.dll
0x00007ffe0d830000 - 0x00007ffe0d84e000 	c:\Users\pawel\.vscode\extensions\redhat.java-1.47.0-win32-x64\jre\21.0.8-win32-x86_64\bin\VCRUNTIME140.dll
0x00007ffe26bf0000 - 0x00007ffe26e8b000 	C:\Windows\WinSxS\amd64_microsoft.windows.common-controls_6595b64144ccf1df_6.0.19041.6456_none_60b8a6cb71f64256\COMCTL32.dll
0x00007ffe4eed0000 - 0x00007ffe4ef6e000 	C:\Windows\System32\msvcrt.dll
0x00007ffe4f030000 - 0x00007ffe4f05f000 	C:\Windows\System32\IMM32.DLL
0x00007ffe2dd50000 - 0x00007ffe2dd5c000 	c:\Users\pawel\.vscode\extensions\redhat.java-1.47.0-win32-x64\jre\21.0.8-win32-x86_64\bin\vcruntime140_1.dll
0x00007ffe074a0000 - 0x00007ffe0752d000 	c:\Users\pawel\.vscode\extensions\redhat.java-1.47.0-win32-x64\jre\21.0.8-win32-x86_64\bin\msvcp140.dll
0x00007ffd9cda0000 - 0x00007ffd9db37000 	c:\Users\pawel\.vscode\extensions\redhat.java-1.47.0-win32-x64\jre\21.0.8-win32-x86_64\bin\server\jvm.dll
0x00007ffe4ef70000 - 0x00007ffe4f021000 	C:\Windows\System32\ADVAPI32.dll
0x00007ffe4fed0000 - 0x00007ffe4ff6f000 	C:\Windows\System32\sechost.dll
0x00007ffe4f910000 - 0x00007ffe4fa30000 	C:\Windows\System32\RPCRT4.dll
0x00007ffe4dc40000 - 0x00007ffe4dc67000 	C:\Windows\System32\bcrypt.dll
0x00007ffe4fd30000 - 0x00007ffe4fd9b000 	C:\Windows\System32\WS2_32.dll
0x00007ffe4d580000 - 0x00007ffe4d5cb000 	C:\Windows\SYSTEM32\POWRPROF.dll
0x00007ffe269b0000 - 0x00007ffe269d7000 	C:\Windows\SYSTEM32\WINMM.dll
0x00007ffe48330000 - 0x00007ffe4833a000 	C:\Windows\SYSTEM32\VERSION.dll
0x00007ffe4d560000 - 0x00007ffe4d572000 	C:\Windows\SYSTEM32\UMPDC.dll
0x00007ffe4b5b0000 - 0x00007ffe4b5c2000 	C:\Windows\SYSTEM32\kernel.appcore.dll
0x00007ffe2d2c0000 - 0x00007ffe2d2ca000 	c:\Users\pawel\.vscode\extensions\redhat.java-1.47.0-win32-x64\jre\21.0.8-win32-x86_64\bin\jimage.dll
0x00007ffe472b0000 - 0x00007ffe474b1000 	C:\Windows\SYSTEM32\DBGHELP.DLL
0x00007ffe47090000 - 0x00007ffe470c4000 	C:\Windows\SYSTEM32\dbgcore.DLL
0x00007ffe4df20000 - 0x00007ffe4dfa2000 	C:\Windows\System32\bcryptPrimitives.dll
0x00007ffe2ce50000 - 0x00007ffe2ce5f000 	c:\Users\pawel\.vscode\extensions\redhat.java-1.47.0-win32-x64\jre\21.0.8-win32-x86_64\bin\instrument.dll
0x00007ffe0d7a0000 - 0x00007ffe0d7bf000 	c:\Users\pawel\.vscode\extensions\redhat.java-1.47.0-win32-x64\jre\21.0.8-win32-x86_64\bin\java.dll
0x00007ffe4f060000 - 0x00007ffe4f7d0000 	C:\Windows\System32\SHELL32.dll
0x00007ffe4b7b0000 - 0x00007ffe4bf55000 	C:\Windows\SYSTEM32\windows.storage.dll
0x00007ffe4e850000 - 0x00007ffe4eba4000 	C:\Windows\System32\combase.dll
0x00007ffe4d070000 - 0x00007ffe4d09b000 	C:\Windows\SYSTEM32\Wldp.dll
0x00007ffe4fda0000 - 0x00007ffe4fe6d000 	C:\Windows\System32\OLEAUT32.dll
0x00007ffe4fa30000 - 0x00007ffe4fadd000 	C:\Windows\System32\SHCORE.dll
0x00007ffe4f7e0000 - 0x00007ffe4f83b000 	C:\Windows\System32\shlwapi.dll
0x00007ffe4d650000 - 0x00007ffe4d674000 	C:\Windows\SYSTEM32\profapi.dll
0x00007ffe0d1f0000 - 0x00007ffe0d208000 	c:\Users\pawel\.vscode\extensions\redhat.java-1.47.0-win32-x64\jre\21.0.8-win32-x86_64\bin\zip.dll
0x00007ffe2cf60000 - 0x00007ffe2cf70000 	C:\Users\pawel\.vscode\extensions\redhat.java-1.47.0-win32-x64\jre\21.0.8-win32-x86_64\bin\net.dll
0x00007ffe460d0000 - 0x00007ffe461da000 	C:\Windows\SYSTEM32\WINHTTP.dll
0x00007ffe4cdd0000 - 0x00007ffe4ce3a000 	C:\Windows\system32\mswsock.dll
0x00007ffe0d1a0000 - 0x00007ffe0d1b6000 	C:\Users\pawel\.vscode\extensions\redhat.java-1.47.0-win32-x64\jre\21.0.8-win32-x86_64\bin\nio.dll
0x00007ffe2c610000 - 0x00007ffe2c620000 	c:\Users\pawel\.vscode\extensions\redhat.java-1.47.0-win32-x64\jre\21.0.8-win32-x86_64\bin\verify.dll
0x00007ffe07af0000 - 0x00007ffe07b34000 	C:\Users\pawel\AppData\Roaming\Code\User\globalStorage\redhat.java\1.47.0\config_win\org.eclipse.equinox.launcher\org.eclipse.equinox.launcher.win32.win32.x86_64_1.2.1400.v20250801-0854\eclipse_11916.dll
0x00007ffe4fc00000 - 0x00007ffe4fd2b000 	C:\Windows\System32\ole32.dll
0x00007ffe4cfd0000 - 0x00007ffe4cfe8000 	C:\Windows\SYSTEM32\CRYPTSP.dll
0x00007ffe4c6f0000 - 0x00007ffe4c728000 	C:\Windows\system32\rsaenh.dll
0x00007ffe4d5d0000 - 0x00007ffe4d5fe000 	C:\Windows\SYSTEM32\USERENV.dll
0x00007ffe4cfc0000 - 0x00007ffe4cfcc000 	C:\Windows\SYSTEM32\CRYPTBASE.dll
0x00007ffe4cab0000 - 0x00007ffe4caeb000 	C:\Windows\SYSTEM32\IPHLPAPI.DLL
0x00007ffe4e3d0000 - 0x00007ffe4e3d8000 	C:\Windows\System32\NSI.dll
0x00007ffe01080000 - 0x00007ffe010c9000 	C:\Users\pawel\AppData\Local\Temp\jna-106441677\jna14770473895032406904.dll
0x00007ffe4e3c0000 - 0x00007ffe4e3c8000 	C:\Windows\System32\PSAPI.DLL
0x00007ffe47020000 - 0x00007ffe47037000 	C:\Windows\SYSTEM32\dhcpcsvc6.DLL
0x00007ffe46940000 - 0x00007ffe4695d000 	C:\Windows\SYSTEM32\dhcpcsvc.DLL
0x00007ffe2b970000 - 0x00007ffe2b97e000 	C:\Users\pawel\.vscode\extensions\redhat.java-1.47.0-win32-x64\jre\21.0.8-win32-x86_64\bin\sunmscapi.dll
0x00007ffe4dca0000 - 0x00007ffe4ddfd000 	C:\Windows\System32\CRYPT32.dll
0x00007ffe4d0e0000 - 0x00007ffe4d107000 	C:\Windows\SYSTEM32\ncrypt.dll
0x00007ffe4d0a0000 - 0x00007ffe4d0db000 	C:\Windows\SYSTEM32\NTASN1.dll
0x00007ffe4caf0000 - 0x00007ffe4cbba000 	C:\Windows\SYSTEM32\DNSAPI.dll
0x00007ffe44830000 - 0x00007ffe4483a000 	C:\Windows\System32\rasadhlp.dll
0x00007ffe456c0000 - 0x00007ffe45740000 	C:\Windows\System32\fwpuclnt.dll
0x00007ffe2b8f0000 - 0x00007ffe2b8f9000 	C:\Users\pawel\.vscode\extensions\redhat.java-1.47.0-win32-x64\jre\21.0.8-win32-x86_64\bin\extnet.dll

JVMTI agents:
c:\Users\pawel\.vscode\extensions\redhat.java-1.47.0-win32-x64\lombok\lombok-1.18.39-4050.jar path:c:\Users\pawel\.vscode\extensions\redhat.java-1.47.0-win32-x64\jre\21.0.8-win32-x86_64\bin\instrument.dll, loaded, initialized, instrumentlib options:none

dbghelp: loaded successfully - version: 4.0.5 - missing functions: none
symbol engine: initialized successfully - sym options: 0x614 - pdb path: .;c:\Users\pawel\.vscode\extensions\redhat.java-1.47.0-win32-x64\jre\21.0.8-win32-x86_64\bin;C:\Windows\SYSTEM32;C:\Windows\WinSxS\amd64_microsoft.windows.common-controls_6595b64144ccf1df_6.0.19041.6456_none_60b8a6cb71f64256;c:\Users\pawel\.vscode\extensions\redhat.java-1.47.0-win32-x64\jre\21.0.8-win32-x86_64\bin\server;C:\Users\pawel\AppData\Roaming\Code\User\globalStorage\redhat.java\1.47.0\config_win\org.eclipse.equinox.launcher\org.eclipse.equinox.launcher.win32.win32.x86_64_1.2.1400.v20250801-0854;C:\Users\pawel\AppData\Local\Temp\jna-106441677

VM Arguments:
jvm_args: --add-modules=ALL-SYSTEM --add-opens=java.base/java.util=ALL-UNNAMED --add-opens=java.base/java.lang=ALL-UNNAMED --add-opens=java.base/sun.nio.fs=ALL-UNNAMED -Declipse.application=org.eclipse.jdt.ls.core.id1 -Dosgi.bundles.defaultStartLevel=4 -Declipse.product=org.eclipse.jdt.ls.core.product -Djava.import.generatesMetadataFilesAtProjectRoot=false -DDetectVMInstallationsJob.disabled=true -Dfile.encoding=utf8 -XX:+UseParallelGC -XX:GCTimeRatio=4 -XX:AdaptiveSizePolicyWeight=90 -Dsun.zip.disableMemoryMapping=true -Xmx2G -Xms100m -Xlog:disable -javaagent:c:\Users\pawel\.vscode\extensions\redhat.java-1.47.0-win32-x64\lombok\lombok-1.18.39-4050.jar -XX:+HeapDumpOnOutOfMemoryError -XX:HeapDumpPath=c:\Users\pawel\AppData\Roaming\Code\User\workspaceStorage\7e9431720c549d4ffb242c3018f645a6\redhat.java -Daether.dependencyCollector.impl=bf 
java_command: c:\Users\pawel\.vscode\extensions\redhat.java-1.47.0-win32-x64\server\plugins\org.eclipse.equinox.launcher_1.7.100.v20251014-1222.jar -configuration c:\Users\pawel\AppData\Roaming\Code\User\globalStorage\redhat.java\1.47.0\config_win -data c:\Users\pawel\AppData\Roaming\Code\User\workspaceStorage\7e9431720c549d4ffb242c3018f645a6\redhat.java\jdt_ws --pipe=\\.\pipe\lsp-31417e3c4a0584c17ef3455d3c6c56a0-sock
java_class_path (initial): c:\Users\pawel\.vscode\extensions\redhat.java-1.47.0-win32-x64\server\plugins\org.eclipse.equinox.launcher_1.7.100.v20251014-1222.jar
Launcher Type: SUN_STANDARD

[Global flags]
    uintx AdaptiveSizePolicyWeight                 = 90                                        {product} {command line}
     intx CICompilerCount                          = 3                                         {product} {ergonomic}
    uintx GCTimeRatio                              = 4                                         {product} {command line}
     bool HeapDumpOnOutOfMemoryError               = true                                   {manageable} {command line}
    ccstr HeapDumpPath                             = c:\Users\pawel\AppData\Roaming\Code\User\workspaceStorage\7e9431720c549d4ffb242c3018f645a6\redhat.java         {manageable} {command line}
   size_t InitialHeapSize                          = 104857600                                 {product} {command line}
   size_t MaxHeapSize                              = 2147483648                                {product} {command line}
   size_t MaxNewSize                               = 715653120                                 {product} {ergonomic}
   size_t MinHeapDeltaBytes                        = 524288                                    {product} {ergonomic}
   size_t MinHeapSize                              = 104857600                                 {product} {command line}
   size_t NewSize                                  = 34603008                                  {product} {ergonomic}
    uintx NonNMethodCodeHeapSize                   = 5832780                                {pd product} {ergonomic}
    uintx NonProfiledCodeHeapSize                  = 122912730                              {pd product} {ergonomic}
   size_t OldSize                                  = 70254592                                  {product} {ergonomic}
    uintx ProfiledCodeHeapSize                     = 122912730                              {pd product} {ergonomic}
    uintx ReservedCodeCacheSize                    = 251658240                              {pd product} {ergonomic}
     bool SegmentedCodeCache                       = true                                      {product} {ergonomic}
   size_t SoftMaxHeapSize                          = 2147483648                             {manageable} {ergonomic}
     bool UseCompressedOops                        = true                           {product lp64_product} {ergonomic}
     bool UseLargePagesIndividualAllocation        = false                                  {pd product} {ergonomic}
     bool UseParallelGC                            = true                                      {product} {command line}

Logging:
Log output configuration:
 #0: stdout all=off uptime,level,tags foldmultilines=false
 #1: stderr all=off uptime,level,tags foldmultilines=false

Environment Variables:
JAVA_HOME=C:\Program Files\Java\jdk-24
PATH=C:\Program Files\Common Files\Oracle\Java\javapath;C:\Windows\system32;C:\Windows;C:\Windows\System32\Wbem;C:\Windows\System32\WindowsPowerShell\v1.0\;C:\Windows\System32\OpenSSH\;C:\Program Files\Git\cmd;C:\Program Files (x86)\Microsoft SQL Server\160\Tools\Binn\;C:\Program Files\Microsoft SQL Server\160\Tools\Binn\;C:\Program Files\Microsoft SQL Server\Client SDK\ODBC\170\Tools\Binn\;C:\Program Files\Microsoft SQL Server\160\DTS\Binn\;C:\Program Files\dotnet\;C:\Program Files\Microsoft SQL Server\150\Tools\Binn\;C:\Program Files\nodejs\;C:\Program Files\GitHub CLI\;C:\Program Files\Java\jdk-24\bin;;c:\Users\pawel\AppData\Local\Programs\cursor\resources\app\bin;C:\Program Files\PowerShell\7\;C:\Program Files\Calibre2\;C:\Users\pawel\AppData\Local\Microsoft\WindowsApps;C:\Users\pawel\AppData\Local\Programs\Microsoft VS Code\bin;C:\Users\pawel\.dotnet\tools;C:\Users\pawel\AppData\Local\Google\Cloud SDK\google-cloud-sdk\bin;C:\Users\pawel\AppData\Roaming\npm;C:\Users\pawel\AppData\Local\Programs\cursor\resources\app\bin
USERNAME=pawel
OS=Windows_NT
PROCESSOR_IDENTIFIER=Intel64 Family 6 Model 158 Stepping 9, GenuineIntel
TMP=C:\Users\pawel\AppData\Local\Temp
TEMP=C:\Users\pawel\AppData\Local\Temp




Periodic native trim disabled

---------------  S Y S T E M  ---------------

OS:
 Windows 10 , 64 bit Build 19041 (10.0.19041.5915)
OS uptime: 17 days 20:48 hours

CPU: total 4 (initial active 4) (4 cores per cpu, 1 threads per core) family 6 model 158 stepping 9 microcode 0xb4, cx8, cmov, fxsr, mmx, 3dnowpref, sse, sse2, sse3, ssse3, sse4.1, sse4.2, popcnt, lzcnt, tsc, tscinvbit, avx, avx2, aes, erms, clmul, bmi1, bmi2, rtm, adx, fma, vzeroupper, clflush, clflushopt, rdtscp, f16c
Processor Information for the first 4 processors :
  Max Mhz: 2712, Current Mhz: 2712, Mhz Limit: 2712

Memory: 4k page, system-wide physical 16272M (202M free)
TotalPageFile size 65424M (AvailPageFile size 20M)
current process WorkingSet (physical memory assigned to process): 7M, peak: 1112M
current process commit charge ("private bytes"): 1016M, peak: 1047M

vm_info: OpenJDK 64-Bit Server VM (21.0.8+9-LTS) for windows-amd64 JRE (21.0.8+9-LTS), built on 2025-07-15T00:00:00Z by "admin" with MS VC++ 17.7 (VS2022)

END.
